\\PSF\HOME\DOCUMENTS\C\ONLINEMATCHCARD\GAME\DEBUG\GAME.PCH
\\PSF\HOME\DOCUMENTS\C\ONLINEMATCHCARD\GAME\DEBUG\STDAFX.OBJ
\\PSF\HOME\DOCUMENTS\C\ONLINEMATCHCARD\GAME\DEBUG\VC110.PDB
\\PSF\HOME\DOCUMENTS\C\ONLINEMATCHCARD\GAME\DEBUG\DLGLEVELOF.OBJ
\\PSF\HOME\DOCUMENTS\C\ONLINEMATCHCARD\GAME\DEBUG\DLGMODE.OBJ
\\PSF\HOME\DOCUMENTS\C\ONLINEMATCHCARD\GAME\DEBUG\DLGRESULT.OBJ
\\PSF\HOME\DOCUMENTS\C\ONLINEMATCHCARD\GAME\DEBUG\DLGSCOREBOARD.OBJ
\\PSF\HOME\DOCUMENTS\C\ONLINEMATCHCARD\GAME\DEBUG\GAME.OBJ
\\PSF\HOME\DOCUMENTS\C\ONLINEMATCHCARD\GAME\DEBUG\GAMEDOC.OBJ
\\PSF\HOME\DOCUMENTS\C\ONLINEMATCHCARD\GAME\DEBUG\GAMEVIEW.OBJ
\\PSF\HOME\DOCUMENTS\C\ONLINEMATCHCARD\GAME\DEBUG\MAINFRM.OBJ
\\PSF\HOME\DOCUMENTS\C\ONLINEMATCHCARD\GAME\DEBUG\DLGSOCKSTAT.OBJ
\\PSF\HOME\DOCUMENTS\C\ONLINEMATCHCARD\GAME\DEBUG\GAME.RES
\\psf\Home\Documents\C\OnlineMatchCard\Game\Debug\DlgLevelOf.obj
\\psf\Home\Documents\C\OnlineMatchCard\Game\Debug\DlgMode.obj
\\psf\Home\Documents\C\OnlineMatchCard\Game\Debug\DlgResult.obj
\\psf\Home\Documents\C\OnlineMatchCard\Game\Debug\DlgScoreBoard.obj
\\psf\Home\Documents\C\OnlineMatchCard\Game\Debug\DlgSockStat.obj
\\psf\Home\Documents\C\OnlineMatchCard\Game\Debug\Game.obj
\\psf\Home\Documents\C\OnlineMatchCard\Game\Debug\GameDoc.obj
\\psf\Home\Documents\C\OnlineMatchCard\Game\Debug\GameView.obj
\\psf\Home\Documents\C\OnlineMatchCard\Game\Debug\MainFrm.obj
\\psf\Home\Documents\C\OnlineMatchCard\Game\Debug\stdafx.obj
\\psf\Home\Documents\C\OnlineMatchCard\Game\Debug\cl.command.1.tlog
\\psf\Home\Documents\C\OnlineMatchCard\Game\Debug\cl.read.1.tlog
\\psf\Home\Documents\C\OnlineMatchCard\Game\Debug\cl.write.1.tlog
\\psf\Home\Documents\C\OnlineMatchCard\Game\Debug\link-cvtres.read.1.tlog
\\psf\Home\Documents\C\OnlineMatchCard\Game\Debug\link-cvtres.write.1.tlog
\\psf\Home\Documents\C\OnlineMatchCard\Game\Debug\link-mt.read.1.tlog
\\psf\Home\Documents\C\OnlineMatchCard\Game\Debug\link-mt.write.1.tlog
\\psf\Home\Documents\C\OnlineMatchCard\Game\Debug\link-rc.read.1.tlog
\\psf\Home\Documents\C\OnlineMatchCard\Game\Debug\link-rc.write.1.tlog
\\psf\Home\Documents\C\OnlineMatchCard\Game\Debug\link.command.1.tlog
\\psf\Home\Documents\C\OnlineMatchCard\Game\Debug\link.read.1.tlog
\\psf\Home\Documents\C\OnlineMatchCard\Game\Debug\link.write.1.tlog
\\psf\Home\Documents\C\OnlineMatchCard\Game\Debug\rc.command.1.tlog
\\psf\Home\Documents\C\OnlineMatchCard\Game\Debug\rc.read.1.tlog
\\psf\Home\Documents\C\OnlineMatchCard\Game\Debug\rc.write.1.tlog
\\psf\Home\Documents\C\OnlineMatchCard\Game\Debug\Game.res
\\psf\Home\Documents\C\OnlineMatchCard\Game\Debug\Game.pch
\\psf\Home\Documents\C\OnlineMatchCard\Game\Debug\vc110.idb
\\psf\Home\Documents\C\OnlineMatchCard\Game\Debug\vc110.pdb
\\psf\Home\Documents\C\OnlineMatchCard\Debug\Game.pdb
