빌드 시작: 2014-11-08 오후 7:32:23
2 노드의 "\\psf\Home\Documents\C\OnlineMatchCard\Game\Game.vcxproj" 프로젝트(Build 대상)입니다.
ClCompile:
  C:\Program Files (x86)\Microsoft Visual Studio 11.0\VC\bin\CL.exe /c /ZI /nologo /W3 /WX- /Od /Oy- /D WIN32 /D _WINDOWS /D _DEBUG /D _UNICODE /D UNICODE /D _AFXDLL /Gm /EHsc /RTC1 /MDd /GS /fp:precise /Zc:wchar_t /Zc:forScope /Yu"stdafx.h" /Fp"Debug\Game.pch" /Fo"Debug\\" /Fd"Debug\vc110.pdb" /Gd /TP /analyze- /errorReport:prompt DlgResult.cpp
  DlgResult.cpp
ResourceCompile:
  C:\Program Files (x86)\Windows Kits\8.0\bin\x86\rc.exe /D _DEBUG /D _UNICODE /D UNICODE /D _AFXDLL /l"0x0412" /IDebug\ /nologo /fo"Debug\Game.res" Game.rc 
Link:
  C:\Program Files (x86)\Microsoft Visual Studio 11.0\VC\bin\link.exe /ERRORREPORT:PROMPT /OUT:"\\psf\Home\Documents\C\OnlineMatchCard\Debug\Game.exe" /INCREMENTAL /NOLOGO /MANIFEST /MANIFESTUAC:"level='asInvoker' uiAccess='false'" /manifest:embed /manifestinput:"C:\Program Files (x86)\Microsoft Visual Studio 11.0\VC\Include\Manifest\dpiaware.manifest" /DEBUG /PDB:"\\psf\Home\Documents\C\OnlineMatchCard\Debug\Game.pdb" /SUBSYSTEM:WINDOWS /TLBID:1 /ENTRY:"wWinMainCRTStartup" /DYNAMICBASE /NXCOMPAT /IMPLIB:"\\psf\Home\Documents\C\OnlineMatchCard\Debug\Game.lib" /MACHINE:X86 /SAFESEH Debug\Game.res
  Debug\DlgLevelOf.obj
  Debug\DlgResult.obj
  Debug\DlgScoreBoard.obj
  Debug\Game.obj
  Debug\GameDoc.obj
  Debug\GameView.obj
  Debug\MainFrm.obj
  Debug\stdafx.obj
  Game.vcxproj -> \\psf\Home\Documents\C\OnlineMatchCard\Debug\Game.exe
"\\psf\Home\Documents\C\OnlineMatchCard\Game\Game.vcxproj" 프로젝트를 빌드했습니다(Build 대상).

빌드했습니다.

경과 시간: 00:00:04.45
